Start time: 16:06:51 on Feb 24,2023
qverilog config_class.sv 
** Note: (qverilog-2286) config_class.sv(2): Using implicit +incdir+/home/cad/eda/Questa-sim/questasim/uvm-1.1d/../verilog_src/uvm-1.1d/src from import uvm_pkg
-- Compiling package config_class_sv_unit
-- Importing package mtiUvm.uvm_pkg (uvm-1.1d Built-in)
-- Compiling module top

Top level modules:
	top
# vsim -lib work work.config_class_sv_unit work.top -c -do "run -all; quit -f" -appendlog -l qverilog.log -vopt 
# ** Note: (vsim-3812) Design is being optimized...
# //  Questa Sim
# //  Version 2022.1 linux Jan 29 2022
# //
# //  Copyright 1991-2022 Mentor Graphics Corporation
# //  All Rights Reserved.
# //
# //  QuestaSim and its associated documentation contain trade
# //  secrets and commercial or financial information that are the property of
# //  Mentor Graphics Corporation and are privileged, confidential,
# //  and exempt from disclosure under the Freedom of Information Act,
# //  5 U.S.C. Section 552. Furthermore, this information
# //  is prohibited from disclosure under the Trade Secrets Act,
# //  18 U.S.C. Section 1905.
# //
# Loading sv_std.std
# Loading mtiUvm.uvm_pkg(fast)
# Loading mtiUvm.questa_uvm_pkg(fast)
# Loading work.config_class_sv_unit(fast)
# Loading work.top(fast)
# ** Warning: (vsim-3764) Stand-alone call to function 'get' treated as implicit void cast.
#    Time: 0 ns  Iteration: 0  Region: /config_class_sv_unit File: config_class.sv Line: 58
# ** Warning: (vsim-3764) Stand-alone call to function 'get' treated as implicit void cast.
#    Time: 0 ns  Iteration: 0  Region: /config_class_sv_unit File: config_class.sv Line: 112
# ** Warning: (vsim-3764) Stand-alone call to function 'get' treated as implicit void cast.
#    Time: 0 ns  Iteration: 0  Region: /config_class_sv_unit::driver File: config_class.sv Line: 32
# Loading /home/cad/eda/Questa-sim/questasim/uvm-1.1d/linux/uvm_dpi.so
# run -all
# ----------------------------------------------------------------
# UVM-1.1d
# (C) 2007-2013 Mentor Graphics Corporation
# (C) 2007-2013 Cadence Design Systems, Inc.
# (C) 2006-2013 Synopsys, Inc.
# (C) 2011-2013 Cypress Semiconductor Corp.
# ----------------------------------------------------------------
# 
#   ***********       IMPORTANT RELEASE NOTES         ************
# 
#   You are using a version of the UVM library that has been compiled
#   with `UVM_NO_DEPRECATED undefined.
#   See http://www.eda.org/svdb/view.php?id=3313 for more details.
# 
#   You are using a version of the UVM library that has been compiled
#   with `UVM_OBJECT_MUST_HAVE_CONSTRUCTOR undefined.
#   See http://www.eda.org/svdb/view.php?id=3770 for more details.
# 
#       (Specify +UVM_NO_RELNOTES to turn off this notice)
# 
# UVM_INFO verilog_src/questa_uvm_pkg-1.2/src/questa_uvm_pkg.sv(277) @ 0: reporter [Questa UVM] QUESTA_UVM-1.2.3
# UVM_INFO verilog_src/questa_uvm_pkg-1.2/src/questa_uvm_pkg.sv(278) @ 0: reporter [Questa UVM]  questa_uvm::init(+struct)
# UVM_INFO @ 0: reporter [RNTST] Running test test...
# The n value is           7
# the no of agents are           0
# UVM_INFO @ 0: reporter [UVMTOP] UVM testbench topology:
# ----------------------------------
# Name          Type     Size  Value
# ----------------------------------
# uvm_test_top  test     -     @469 
#   ev          env      -     @476 
#     agtp      agt_top  -     @489 
#       ag[0]   agent    -     @497 
#         m     monitor  -     @533 
#       ag[1]   agent    -     @504 
#         m     monitor  -     @542 
#       ag[2]   agent    -     @511 
#         m     monitor  -     @551 
#       ag[3]   agent    -     @518 
#         m     monitor  -     @560 
#       ag[4]   agent    -     @525 
#         m     monitor  -     @569 
# ----------------------------------
# 
# 
# --- UVM Report Summary ---
# 
# ** Report counts by severity
# UVM_INFO :    4
# UVM_WARNING :    0
# UVM_ERROR :    0
# UVM_FATAL :    0
# ** Report counts by id
# [Questa UVM]     2
# [RNTST]     1
# [UVMTOP]     1
# ** Note: $finish    : /home/cad/eda/Questa-sim/questasim/linux/../verilog_src/uvm-1.1d/src/base/uvm_root.svh(430)
#    Time: 0 ns  Iteration: 215  Instance: /top
# End time: 16:06:58 on Feb 24,2023, Elapsed time: 0:00:07
# Errors: 0, Warnings: 3
